<?xml version="1.0" encoding="UTF-8"?>
<!-- Generated by org.testng.reporters.JUnitReportReporter -->
<testsuite skipped="0" hostname="Veenas-MacBook-Pro.local" name="com.testCases.JMB_CASignUp017" tests="1" failures="0" timestamp="2021-12-11T07:29:42 EST" time="2.890" errors="0">
  <testcase name="JMB_CASignUp017" time="2.890" classname="com.testCases.JMB_CASignUp017"/>
  <system-out/>
</testsuite> <!-- com.testCases.JMB_CASignUp017 -->
