<?xml version="1.0" encoding="UTF-8"?>
<!-- Generated by org.testng.reporters.JUnitReportReporter -->
<testsuite skipped="0" hostname="Veenas-MacBook-Pro.local" name="com.testCases.JMB_CASignUp005" tests="1" failures="0" timestamp="2021-12-10T11:32:44 EST" time="11.509" errors="0">
  <testcase name="JMB_CASignUp005" time="11.509" classname="com.testCases.JMB_CASignUp005"/>
  <system-out/>
</testsuite> <!-- com.testCases.JMB_CASignUp005 -->
