<?xml version="1.0" encoding="UTF-8"?>
<!-- Generated by org.testng.reporters.JUnitReportReporter -->
<testsuite hostname="DESKTOP-GM99TT4" failures="0" tests="1" name="com.testCases.JMB_DB_015" time="11.316" errors="0" timestamp="15 Apr 2021 20:33:38 GMT" skipped="0">
  <testcase classname="com.testCases.JMB_DB_015" name="testCompanyLogo" time="11.316"/>
</testsuite> <!-- com.testCases.JMB_DB_015 -->
